<?xml version="1.0" encoding="UTF-8"?>
<coverage generated="1729563440468" clover="3.2.0">
  <project timestamp="1729563440469" name="All files">
    <metrics statements="20" coveredstatements="20" conditionals="28" coveredconditionals="28" methods="9" coveredmethods="9" elements="57" coveredelements="57" complexity="0" loc="20" ncloc="20" packages="1" files="1" classes="1"/>
    <file name="SmallGraphData.vue" path="C:\Users\veera\graph-data\src\components\SmallGraphData.vue">
      <metrics statements="20" coveredstatements="20" conditionals="28" coveredconditionals="28" methods="9" coveredmethods="9"/>
      <line num="4" count="1" type="stmt"/>
      <line num="7" count="1" type="stmt"/>
      <line num="93" count="1" type="stmt"/>
      <line num="95" count="1" type="stmt"/>
      <line num="98" count="1" type="stmt"/>
      <line num="99" count="1" type="stmt"/>
      <line num="100" count="1" type="stmt"/>
      <line num="103" count="1" type="stmt"/>
      <line num="107" count="1" type="stmt"/>
      <line num="111" count="1" type="stmt"/>
      <line num="116" count="19" type="stmt"/>
      <line num="123" count="2" type="cond" truecount="2" falsecount="0"/>
      <line num="153" count="1" type="cond" truecount="2" falsecount="0"/>
      <line num="161" count="1" type="cond" truecount="2" falsecount="0"/>
      <line num="169" count="1" type="cond" truecount="2" falsecount="0"/>
      <line num="176" count="1" type="cond" truecount="2" falsecount="0"/>
      <line num="184" count="1" type="cond" truecount="2" falsecount="0"/>
      <line num="192" count="1" type="cond" truecount="2" falsecount="0"/>
      <line num="195" count="1" type="cond" truecount="4" falsecount="0"/>
      <line num="197" count="1" type="stmt"/>
    </file>
  </project>
</coverage>
