{"C:\\Users\\veera\\graph-data\\src\\components\\SmallGraphData.vue": {"path":"C:\\Users\\veera\\graph-data\\src\\components\\SmallGraphData.vue","statementMap":{"0":{"start":{"line":4,"column":0},"end":{"line":6,"column":3}},"1":{"start":{"line":7,"column":0},"end":{"line":7,"column":25}},"2":{"start":{"line":93,"column":0},"end":{"line":93,"column":13}},"3":{"start":{"line":95,"column":0},"end":{"line":97,"column":3}},"4":{"start":{"line":98,"column":0},"end":{"line":98,"column":24}},"5":{"start":{"line":99,"column":11},"end":{"line":99,"column":25}},"6":{"start":{"line":100,"column":19},"end":{"line":102,"column":1}},"7":{"start":{"line":103,"column":19},"end":{"line":106,"column":1}},"8":{"start":{"line":107,"column":19},"end":{"line":110,"column":1}},"9":{"start":{"line":111,"column":19},"end":{"line":114,"column":1}},"10":{"start":{"line":116,"column":2},"end":{"line":196,"column":272}},"11":{"start":{"line":123,"column":49},"end":{"line":123,"column":68}},"12":{"start":{"line":153,"column":49},"end":{"line":153,"column":68}},"13":{"start":{"line":161,"column":49},"end":{"line":161,"column":68}},"14":{"start":{"line":169,"column":49},"end":{"line":169,"column":68}},"15":{"start":{"line":176,"column":49},"end":{"line":176,"column":70}},"16":{"start":{"line":184,"column":49},"end":{"line":184,"column":70}},"17":{"start":{"line":192,"column":49},"end":{"line":192,"column":70}},"18":{"start":{"line":195,"column":52},"end":{"line":195,"column":103}},"19":{"start":{"line":197,"column":2},"end":{"line":197,"column":49}}},"fnMap":{"0":{"name":"render","decl":{"start":{"line":115,"column":9},"end":{"line":115,"column":15}},"loc":{"start":{"line":115,"column":30},"end":{"line":197,"column":1}},"line":115},"1":{"name":"(anonymous_1)","decl":{"start":{"line":123,"column":39},"end":{"line":123,"column":40}},"loc":{"start":{"line":123,"column":49},"end":{"line":123,"column":68}},"line":123},"2":{"name":"(anonymous_2)","decl":{"start":{"line":153,"column":39},"end":{"line":153,"column":40}},"loc":{"start":{"line":153,"column":49},"end":{"line":153,"column":68}},"line":153},"3":{"name":"(anonymous_3)","decl":{"start":{"line":161,"column":39},"end":{"line":161,"column":40}},"loc":{"start":{"line":161,"column":49},"end":{"line":161,"column":68}},"line":161},"4":{"name":"(anonymous_4)","decl":{"start":{"line":169,"column":39},"end":{"line":169,"column":40}},"loc":{"start":{"line":169,"column":49},"end":{"line":169,"column":68}},"line":169},"5":{"name":"(anonymous_5)","decl":{"start":{"line":176,"column":39},"end":{"line":176,"column":40}},"loc":{"start":{"line":176,"column":49},"end":{"line":176,"column":70}},"line":176},"6":{"name":"(anonymous_6)","decl":{"start":{"line":184,"column":39},"end":{"line":184,"column":40}},"loc":{"start":{"line":184,"column":49},"end":{"line":184,"column":70}},"line":184},"7":{"name":"(anonymous_7)","decl":{"start":{"line":192,"column":39},"end":{"line":192,"column":40}},"loc":{"start":{"line":192,"column":49},"end":{"line":192,"column":70}},"line":192},"8":{"name":"(anonymous_8)","decl":{"start":{"line":195,"column":39},"end":{"line":195,"column":40}},"loc":{"start":{"line":195,"column":52},"end":{"line":195,"column":103}},"line":195}},"branchMap":{"0":{"loc":{"start":{"line":123,"column":13},"end":{"line":123,"column":69}},"type":"binary-expr","locations":[{"start":{"line":123,"column":13},"end":{"line":123,"column":22}},{"start":{"line":123,"column":27},"end":{"line":123,"column":68}}],"line":123},"1":{"loc":{"start":{"line":124,"column":13},"end":{"line":129,"column":29}},"type":"binary-expr","locations":[{"start":{"line":124,"column":13},"end":{"line":124,"column":22}},{"start":{"line":124,"column":27},"end":{"line":129,"column":28}}],"line":124},"2":{"loc":{"start":{"line":129,"column":31},"end":{"line":136,"column":29}},"type":"binary-expr","locations":[{"start":{"line":129,"column":31},"end":{"line":129,"column":40}},{"start":{"line":129,"column":45},"end":{"line":136,"column":28}}],"line":129},"3":{"loc":{"start":{"line":136,"column":33},"end":{"line":147,"column":25}},"type":"binary-expr","locations":[{"start":{"line":136,"column":33},"end":{"line":136,"column":43}},{"start":{"line":136,"column":48},"end":{"line":147,"column":24}}],"line":136},"4":{"loc":{"start":{"line":153,"column":13},"end":{"line":153,"column":69}},"type":"binary-expr","locations":[{"start":{"line":153,"column":13},"end":{"line":153,"column":22}},{"start":{"line":153,"column":27},"end":{"line":153,"column":68}}],"line":153},"5":{"loc":{"start":{"line":161,"column":13},"end":{"line":161,"column":69}},"type":"binary-expr","locations":[{"start":{"line":161,"column":13},"end":{"line":161,"column":22}},{"start":{"line":161,"column":27},"end":{"line":161,"column":68}}],"line":161},"6":{"loc":{"start":{"line":169,"column":13},"end":{"line":169,"column":69}},"type":"binary-expr","locations":[{"start":{"line":169,"column":13},"end":{"line":169,"column":22}},{"start":{"line":169,"column":27},"end":{"line":169,"column":68}}],"line":169},"7":{"loc":{"start":{"line":170,"column":15},"end":{"line":170,"column":352}},"type":"binary-expr","locations":[{"start":{"line":170,"column":15},"end":{"line":170,"column":25}},{"start":{"line":170,"column":30},"end":{"line":170,"column":351}}],"line":170},"8":{"loc":{"start":{"line":176,"column":13},"end":{"line":176,"column":71}},"type":"binary-expr","locations":[{"start":{"line":176,"column":13},"end":{"line":176,"column":22}},{"start":{"line":176,"column":27},"end":{"line":176,"column":70}}],"line":176},"9":{"loc":{"start":{"line":184,"column":13},"end":{"line":184,"column":71}},"type":"binary-expr","locations":[{"start":{"line":184,"column":13},"end":{"line":184,"column":22}},{"start":{"line":184,"column":27},"end":{"line":184,"column":70}}],"line":184},"10":{"loc":{"start":{"line":192,"column":13},"end":{"line":192,"column":71}},"type":"binary-expr","locations":[{"start":{"line":192,"column":13},"end":{"line":192,"column":22}},{"start":{"line":192,"column":27},"end":{"line":192,"column":70}}],"line":192},"11":{"loc":{"start":{"line":193,"column":72},"end":{"line":196,"column":269}},"type":"cond-expr","locations":[{"start":{"line":193,"column":92},"end":{"line":196,"column":223}},{"start":{"line":196,"column":227},"end":{"line":196,"column":269}}],"line":193},"12":{"loc":{"start":{"line":195,"column":13},"end":{"line":195,"column":104}},"type":"binary-expr","locations":[{"start":{"line":195,"column":13},"end":{"line":195,"column":22}},{"start":{"line":195,"column":27},"end":{"line":195,"column":103}}],"line":195},"13":{"loc":{"start":{"line":195,"column":52},"end":{"line":195,"column":103}},"type":"binary-expr","locations":[{"start":{"line":195,"column":52},"end":{"line":195,"column":71}},{"start":{"line":195,"column":75},"end":{"line":195,"column":103}}],"line":195}},"s":{"0":1,"1":1,"2":1,"3":1,"4":1,"5":1,"6":1,"7":1,"8":1,"9":1,"10":19,"11":2,"12":1,"13":1,"14":1,"15":1,"16":1,"17":1,"18":1,"19":1},"f":{"0":19,"1":2,"2":1,"3":1,"4":1,"5":1,"6":1,"7":1,"8":1},"b":{"0":[19,10],"1":[19,10],"2":[19,10],"3":[19,10],"4":[19,10],"5":[19,10],"6":[19,10],"7":[19,10],"8":[19,10],"9":[19,10],"10":[19,10],"11":[8,11],"12":[8,8],"13":[1,1]},"inputSourceMap":{"0":"{","1":"\"","2":"v","3":"e","4":"r","5":"s","6":"i","7":"o","8":"n","9":"\"","10":":","11":"3","12":",","13":"\"","14":"s","15":"o","16":"u","17":"r","18":"c","19":"e","20":"s","21":"\"","22":":","23":"[","24":"\"","25":"C","26":":","27":"\\","28":"\\","29":"U","30":"s","31":"e","32":"r","33":"s","34":"\\","35":"\\","36":"v","37":"e","38":"e","39":"r","40":"a","41":"\\","42":"\\","43":"g","44":"r","45":"a","46":"p","47":"h","48":"-","49":"d","50":"a","51":"t","52":"a","53":"\\","54":"\\","55":"s","56":"r","57":"c","58":"\\","59":"\\","60":"c","61":"o","62":"m","63":"p","64":"o","65":"n","66":"e","67":"n","68":"t","69":"s","70":"\\","71":"\\","72":"S","73":"m","74":"a","75":"l","76":"l","77":"G","78":"r","79":"a","80":"p","81":"h","82":"D","83":"a","84":"t","85":"a","86":".","87":"v","88":"u","89":"e","90":"\"","91":"]","92":",","93":"\"","94":"n","95":"a","96":"m","97":"e","98":"s","99":"\"","100":":","101":"[","102":"]","103":",","104":"\"","105":"m","106":"a","107":"p","108":"p","109":"i","110":"n","111":"g","112":"s","113":"\"","114":":","115":"\"","116":";","117":";","118":";","119":";","120":";","121":";","122":";","123":"A","124":"A","125":"k","126":"G","127":"A","128":";","129":"A","130":"A","131":"A","132":"A","133":";","134":"A","135":"A","136":"A","137":"A","138":";","139":"A","140":"A","141":"A","142":"0","143":"B","144":";","145":"A","146":"A","147":"A","148":"A","149":",","150":"i","151":"C","152":"A","153":"E","154":"X","155":";","156":"E","157":"A","158":"C","159":"b","160":",","161":"I","162":"A","163":"A","164":"I","165":",","166":"E","167":"A","168":"A","169":"E","170":",","171":"g","172":"B","173":"A","174":"A","175":"g","176":"B","177":";","178":"E","179":"A","180":"C","181":"t","182":"B","183":",","184":"K","185":"A","186":"A","187":"K","188":",","189":"G","190":"A","191":"A","192":"G","193":";","194":"I","195":"A","196":"C","197":"N","198":";","199":"I","200":"A","201":"C","202":"A","203":",","204":"M","205":"A","206":"A","207":"M","208":",","209":"W","210":"A","211":"A","212":"W","213":";","214":"I","215":"A","216":"A","217":"G","218":";","219":"I","220":"A","221":"A","222":"A","223":";","224":"I","225":"A","226":"A","227":"A","228":";","229":"I","230":"A","231":"A","232":"A","233":";","234":"I","235":"A","236":"A","237":"A","238":";","239":"I","240":"A","241":"A","242":"A","243":",","244":"G","245":"A","246":"A","247":"G","248":",","249":"E","250":"A","251":"A","252":"C","253":",","254":"I","255":"A","256":"A","257":"I","258":",","259":"C","260":"A","261":"A","262":"C","263":";","264":";","265":"I","266":"A","267":"E","268":"7","269":"B","270":";","271":"I","272":"A","273":"C","274":"A","275":",","276":"M","277":"A","278":"A","279":"M","280":",","281":"Y","282":"A","283":"A","284":"Y","285":",","286":"G","287":"A","288":"A","289":"G","290":";","291":"M","292":"A","293":"C","294":"n","295":"B","296":",","297":"C","298":"A","299":"A","300":"C","301":",","302":"E","303":"A","304":"A","305":"E","306":";","307":"Q","308":"A","309":"A","310":"E","311":",","312":"K","313":"A","314":"A","315":"K","316":",","317":"E","318":"A","319":"A","320":"E","321":",","322":"G","323":"A","324":"A","325":"G","326":";","327":"Q","328":"A","329":"A","330":"E","331":",","332":"I","333":"A","334":"A","335":"I","336":",","337":"E","338":"A","339":"A","340":"E","341":";","342":"M","343":"A","344":"A","345":"6","346":"B","347":",","348":"C","349":"A","350":"A","351":"C","352":";","353":"M","354":"A","355":"C","356":"r","357":"D","358":",","359":"C","360":"A","361":"A","362":"C","363":",","364":"E","365":"A","366":"A","367":"E","368":";","369":"Q","370":"A","371":"A","372":"E","373":",","374":"K","375":"A","376":"A","377":"K","378":",","379":"E","380":"A","381":"A","382":"E","383":",","384":"G","385":"A","386":"A","387":"G","388":";","389":"Q","390":"A","391":"A","392":"E","393":",","394":"I","395":"A","396":"A","397":"I","398":",","399":"E","400":"A","401":"A","402":"E","403":";","404":"M","405":"A","406":"A","407":"6","408":"B","409":",","410":"C","411":"A","412":"A","413":"C","414":";","415":"M","416":"A","417":"C","418":"r","419":"D","420":",","421":"C","422":"A","423":"A","424":"C","425":",","426":"E","427":"A","428":"A","429":"E","430":";","431":"Q","432":"A","433":"A","434":"E","435":",","436":"K","437":"A","438":"A","439":"K","440":",","441":"E","442":"A","443":"A","444":"E","445":",","446":"G","447":"A","448":"A","449":"G","450":";","451":"Q","452":"A","453":"A","454":"E","455":",","456":"I","457":"A","458":"A","459":"I","460":",","461":"E","462":"A","463":"A","464":"E","465":";","466":"M","467":"A","468":"A","469":"6","470":"B","471":",","472":"C","473":"A","474":"A","475":"C","476":";","477":"M","478":"A","479":"C","480":"r","481":"D","482":",","483":"C","484":"A","485":"A","486":"C","487":",","488":"E","489":"A","490":"A","491":"E","492":";","493":"Q","494":"A","495":"A","496":"E","497":",","498":"K","499":"A","500":"A","501":"K","502":",","503":"E","504":"A","505":"A","506":"E","507":",","508":"G","509":"A","510":"A","511":"G","512":";","513":"Q","514":"A","515":"A","516":"E","517":",","518":"I","519":"A","520":"A","521":"I","522":",","523":"E","524":"A","525":"A","526":"E","527":";","528":"M","529":"A","530":"A","531":"6","532":"B","533":",","534":"C","535":"A","536":"A","537":"C","538":";","539":"M","540":"A","541":"C","542":"r","543":"D","544":",","545":"K","546":"A","547":"A","548":"K","549":",","550":"E","551":"A","552":"A","553":"E","554":";","555":"Q","556":"A","557":"A","558":"E","559":",","560":"K","561":"A","562":"A","563":"K","564":",","565":"E","566":"A","567":"A","568":"E","569":",","570":"K","571":"A","572":"A","573":"K","574":";","575":"Q","576":"A","577":"A","578":"E","579":",","580":"I","581":"A","582":"A","583":"I","584":",","585":"E","586":"A","587":"A","588":"E","589":";","590":"M","591":"A","592":"A","593":"+","594":"B","595":",","596":"C","597":"A","598":"A","599":"C","600":";","601":"M","602":"A","603":"C","604":"7","605":"D","606":",","607":"K","608":"A","609":"A","610":"K","611":",","612":"E","613":"A","614":"A","615":"E","616":";","617":"Q","618":"A","619":"A","620":"E","621":",","622":"K","623":"A","624":"A","625":"K","626":",","627":"E","628":"A","629":"A","630":"E","631":",","632":"K","633":"A","634":"A","635":"K","636":";","637":"Q","638":"A","639":"A","640":"E","641":",","642":"I","643":"A","644":"A","645":"I","646":",","647":"E","648":"A","649":"A","650":"E","651":";","652":"M","653":"A","654":"A","655":"+","656":"B","657":",","658":"C","659":"A","660":"A","661":"C","662":";","663":"M","664":"A","665":"C","666":"7","667":"D","668":",","669":"K","670":"A","671":"A","672":"K","673":",","674":"E","675":"A","676":"A","677":"E","678":";","679":"Q","680":"A","681":"A","682":"E","683":",","684":"K","685":"A","686":"A","687":"K","688":",","689":"E","690":"A","691":"A","692":"E","693":",","694":"K","695":"A","696":"A","697":"K","698":";","699":"Q","700":"A","701":"A","702":"E","703":",","704":"I","705":"A","706":"A","707":"I","708":",","709":"E","710":"A","711":"A","712":"E","713":";","714":"M","715":"A","716":"A","717":"+","718":"B","719":";","720":"I","721":"A","722":"C","723":"9","724":"D","725":",","726":"C","727":"A","728":"A","729":"C","730":";","731":";","732":"I","733":"A","734":"E","735":"D","736":";","737":"I","738":"A","739":"C","740":"A","741":",","742":"M","743":"A","744":"A","745":"M","746":",","747":"W","748":"A","749":"A","750":"W","751":";","752":"I","753":"A","754":"A","755":"G","756":";","757":"I","758":"A","759":"A","760":"A","761":";","762":"I","763":"A","764":"A","765":"A","766":";","767":"I","768":"A","769":"A","770":"A","771":";","772":"I","773":"A","774":"A","775":"A","776":";","777":"I","778":"A","779":"A","780":"A","781":",","782":"G","783":"A","784":"A","785":"G","786":",","787":"E","788":"A","789":"A","790":"C","791":";","792":"M","793":"A","794":"A","795":"E","796":",","797":"K","798":"A","799":"A","800":"K","801":",","802":"E","803":"A","804":"A","805":"E","806":",","807":"E","808":"A","809":"A","810":"E","811":";","812":"M","813":"A","814":"A","815":"E","816":",","817":"I","818":"A","819":"A","820":"I","821":",","822":"E","823":"A","824":"A","825":"E","826":";","827":"I","828":"A","829":"A","830":"G","831":",","832":"C","833":"A","834":"A","835":"C","836":",","837":"C","838":"A","839":"A","840":"C","841":";","842":";","843":"I","844":"A","845":"E","846":"h","847":"D","848":";","849":"I","850":"A","851":"C","852":"A","853":",","854":"M","855":"A","856":"A","857":"M","858":",","859":"S","860":"A","861":"A","862":"S","863":",","864":"G","865":"A","866":"A","867":"I","868":",","869":"G","870":"A","871":"A","872":"G","873":",","874":"I","875":"A","876":"A","877":"K","878":";","879":"M","880":"A","881":"C","882":"z","883":"B","884":",","885":"W","886":"A","887":"A","888":"W","889":",","890":"C","891":"A","892":"A","893":"C","894":",","895":"K","896":"A","897":"A","898":"K","899":",","900":"G","901":"A","902":"A","903":"G","904":",","905":"G","906":"A","907":"A","908":"G","909":";","910":"M","911":"A","912":"C","913":"v","914":"B","915":",","916":"W","917":"A","918":"A","919":"W","920":",","921":"C","922":"A","923":"A","924":"C","925":",","926":"K","927":"A","928":"A","929":"K","930":",","931":"G","932":"A","933":"A","934":"G","935":",","936":"Y","937":"A","938":"A","939":"Y","940":",","941":"C","942":"A","943":"A","944":"C","945":",","946":"G","947":"A","948":"A","949":"G","950":",","951":"C","952":"A","953":"A","954":"C","955":",","956":"I","957":"A","958":"A","959":"I","960":";","961":"Q","962":"A","963":"A","964":"E","965":",","966":"K","967":"A","968":"A","969":"K","970":",","971":"E","972":"A","973":"A","974":"E","975":",","976":"E","977":"A","978":"A","979":"E","980":";","981":"Q","982":"A","983":"A","984":"E","985":",","986":"I","987":"A","988":"A","989":"I","990":",","991":"E","992":"A","993":"A","994":"E","995":";","996":"M","997":"A","998":"A","999":"G","1000":",","1001":"C","1002":"A","1003":"A","1004":"C","1005":";","1006":"I","1007":"A","1008":"C","1009":"l","1010":"E","1011":",","1012":"C","1013":"A","1014":"A","1015":"C","1016":";","1017":";","1018":"I","1019":"A","1020":"E","1021":"D","1022":";","1023":"I","1024":"A","1025":"C","1026":"A","1027":",","1028":"M","1029":"A","1030":"A","1031":"M","1032":",","1033":"c","1034":"A","1035":"A","1036":"c","1037":",","1038":"G","1039":"A","1040":"A","1041":"G","1042":",","1043":"M","1044":"A","1045":"A","1046":"M","1047":";","1048":"M","1049":"A","1050":"C","1051":"3","1052":"B","1053":",","1054":"W","1055":"A","1056":"A","1057":"W","1058":",","1059":"C","1060":"A","1061":"A","1062":"C","1063":",","1064":"K","1065":"A","1066":"A","1067":"K","1068":",","1069":"G","1070":"A","1071":"A","1072":"G","1073":",","1074":"I","1075":"A","1076":"A","1077":"I","1078":";","1079":"M","1080":"A","1081":"C","1082":"x","1083":"B","1084":",","1085":"W","1086":"A","1087":"A","1088":"W","1089":",","1090":"C","1091":"A","1092":"A","1093":"C","1094":",","1095":"K","1096":"A","1097":"A","1098":"K","1099":",","1100":"G","1101":"A","1102":"A","1103":"G","1104":";","1105":"Q","1106":"A","1107":"A","1108":"E","1109":",","1110":"K","1111":"A","1112":"A","1113":"K","1114":",","1115":"E","1116":"A","1117":"A","1118":"E","1119":",","1120":"E","1121":"A","1122":"A","1123":"E","1124":";","1125":"Q","1126":"A","1127":"A","1128":"E","1129":",","1130":"I","1131":"A","1132":"A","1133":"I","1134":",","1135":"E","1136":"A","1137":"A","1138":"E","1139":";","1140":"M","1141":"A","1142":"A","1143":"G","1144":",","1145":"C","1146":"A","1147":"A","1148":"C","1149":";","1150":"I","1151":"A","1152":"C","1153":"7","1154":"C","1155":",","1156":"C","1157":"A","1158":"A","1159":"C","1160":";","1161":"I","1162":"A","1163":"E","1164":"D","1165":",","1166":"O","1167":"A","1168":"A","1169":"O","1170":";","1171":"M","1172":"A","1173":"C","1174":"L","1175":",","1176":"W","1177":"A","1178":"A","1179":"W","1180":";","1181":"M","1182":"A","1183":"C","1184":"X","1185":",","1186":"W","1187":"A","1188":"A","1189":"W","1190":";","1191":"M","1192":"A","1193":"C","1194":"X","1195":",","1196":"S","1197":"A","1198":"A","1199":"S","1200":";","1201":"M","1202":"A","1203":"C","1204":"T","1205":";","1206":"I","1207":"A","1208":"C","1209":"F","1210":",","1211":"C","1212":"A","1213":"A","1214":"C","1215":";","1216":"E","1217":"A","1218":"C","1219":"H","1220":";","1221":"A","1222":"A","1223":"C","1224":"F","1225":",","1226":"C","1227":"A","1228":"A","1229":"C","1230":"\"","1231":",","1232":"\"","1233":"f","1234":"i","1235":"l","1236":"e","1237":"\"","1238":":","1239":"\"","1240":"C","1241":":","1242":"\\","1243":"\\","1244":"U","1245":"s","1246":"e","1247":"r","1248":"s","1249":"\\","1250":"\\","1251":"v","1252":"e","1253":"e","1254":"r","1255":"a","1256":"\\","1257":"\\","1258":"g","1259":"r","1260":"a","1261":"p","1262":"h","1263":"-","1264":"d","1265":"a","1266":"t","1267":"a","1268":"\\","1269":"\\","1270":"s","1271":"r","1272":"c","1273":"\\","1274":"\\","1275":"c","1276":"o","1277":"m","1278":"p","1279":"o","1280":"n","1281":"e","1282":"n","1283":"t","1284":"s","1285":"\\","1286":"\\","1287":"S","1288":"m","1289":"a","1290":"l","1291":"l","1292":"G","1293":"r","1294":"a","1295":"p","1296":"h","1297":"D","1298":"a","1299":"t","1300":"a","1301":".","1302":"v","1303":"u","1304":"e","1305":"\"","1306":",","1307":"\"","1308":"s","1309":"o","1310":"u","1311":"r","1312":"c","1313":"e","1314":"s","1315":"C","1316":"o","1317":"n","1318":"t","1319":"e","1320":"n","1321":"t","1322":"\"","1323":":","1324":"[","1325":"\"","1326":"<","1327":"t","1328":"e","1329":"m","1330":"p","1331":"l","1332":"a","1333":"t","1334":"e","1335":">","1336":"\\","1337":"n","1338":" ","1339":" ","1340":"<","1341":"d","1342":"i","1343":"v","1344":" ","1345":"i","1346":"d","1347":"=","1348":"\\","1349":"\"","1350":"a","1351":"p","1352":"p","1353":"\\","1354":"\"","1355":">","1356":"\\","1357":"n","1358":" ","1359":" ","1360":" ","1361":" ","1362":"<","1363":"!","1364":"-","1365":"-","1366":" ","1367":"M","1368":"a","1369":"i","1370":"n","1371":" ","1372":"M","1373":"e","1374":"n","1375":"u","1376":" ","1377":"-","1378":"-","1379":">","1380":"\\","1381":"n","1382":" ","1383":" ","1384":" ","1385":" ","1386":"<","1387":"d","1388":"i","1389":"v","1390":" ","1391":"i","1392":"d","1393":"=","1394":"\\","1395":"\"","1396":"m","1397":"e","1398":"n","1399":"u","1400":"\\","1401":"\"","1402":" ","1403":"s","1404":"t","1405":"y","1406":"l","1407":"e","1408":"=","1409":"\\","1410":"\"","1411":"\\","1412":"\"","1413":">","1414":"\\","1415":"n","1416":" ","1417":" ","1418":" ","1419":" ","1420":" ","1421":" ","1422":"<","1423":"b","1424":"u","1425":"t","1426":"t","1427":"o","1428":"n","1429":"\\","1430":"n","1431":" ","1432":" ","1433":" ","1434":" ","1435":" ","1436":" ","1437":" ","1438":" ","1439":"i","1440":"d","1441":"=","1442":"\\","1443":"\"","1444":"b","1445":"u","1446":"t","1447":"t","1448":"o","1449":"n","1450":" ","1451":"A","1452":"\\","1453":"\"","1454":"\\","1455":"n","1456":" ","1457":" ","1458":" ","1459":" ","1460":" ","1461":" ","1462":" ","1463":" ","1464":"s","1465":"t","1466":"y","1467":"l","1468":"e","1469":"=","1470":"\\","1471":"\"","1472":"w","1473":"i","1474":"d","1475":"t","1476":"h","1477":":","1478":" ","1479":"5","1480":"0","1481":"p","1482":"x","1483":";","1484":" ","1485":"h","1486":"e","1487":"i","1488":"g","1489":"h","1490":"t","1491":":","1492":" ","1493":"4","1494":"0","1495":"p","1496":"x","1497":";","1498":" ","1499":"m","1500":"a","1501":"r","1502":"g","1503":"i","1504":"n","1505":"-","1506":"l","1507":"e","1508":"f","1509":"t","1510":":","1511":" ","1512":"9","1513":"5","1514":"p","1515":"x","1516":"\\","1517":"\"","1518":"\\","1519":"n","1520":" ","1521":" ","1522":" ","1523":" ","1524":" ","1525":" ","1526":" ","1527":" ","1528":"@","1529":"c","1530":"l","1531":"i","1532":"c","1533":"k","1534":"=","1535":"\\","1536":"\"","1537":"s","1538":"e","1539":"l","1540":"e","1541":"c","1542":"t","1543":"T","1544":"a","1545":"b","1546":"(","1547":"'","1548":"A","1549":"'","1550":")","1551":"\\","1552":"\"","1553":"\\","1554":"n","1555":" ","1556":" ","1557":" ","1558":" ","1559":" ","1560":" ","1561":">","1562":"\\","1563":"n","1564":" ","1565":" ","1566":" ","1567":" ","1568":" ","1569":" ","1570":" ","1571":" ","1572":"A","1573":"\\","1574":"n","1575":" ","1576":" ","1577":" ","1578":" ","1579":" ","1580":" ","1581":"<","1582":"/","1583":"b","1584":"u","1585":"t","1586":"t","1587":"o","1588":"n","1589":">","1590":"\\","1591":"n","1592":" ","1593":" ","1594":" ","1595":" ","1596":" ","1597":" ","1598":"<","1599":"d","1600":"i","1601":"v","1602":" ","1603":"c","1604":"l","1605":"a","1606":"s","1607":"s","1608":"=","1609":"\\","1610":"\"","1611":"v","1612":"l","1613":"\\","1614":"\"","1615":" ","1616":"s","1617":"t","1618":"y","1619":"l","1620":"e","1621":"=","1622":"\\","1623":"\"","1624":"m","1625":"a","1626":"r","1627":"g","1628":"i","1629":"n","1630":"-","1631":"l","1632":"e","1633":"f","1634":"t","1635":":","1636":" ","1637":"1","1638":"2","1639":"0","1640":"p","1641":"x","1642":"\\","1643":"\"","1644":">","1645":"<","1646":"/","1647":"d","1648":"i","1649":"v","1650":">","1651":"\\","1652":"n","1653":" ","1654":" ","1655":" ","1656":" ","1657":" ","1658":" ","1659":"<","1660":"h","1661":"r","1662":"\\","1663":"n","1664":" ","1665":" ","1666":" ","1667":" ","1668":" ","1669":" ","1670":" ","1671":" ","1672":"s","1673":"t","1674":"y","1675":"l","1676":"e","1677":"=","1678":"\\","1679":"\"","1680":"\\","1681":"n","1682":" ","1683":" ","1684":" ","1685":" ","1686":" ","1687":" ","1688":" ","1689":" ","1690":" ","1691":" ","1692":"w","1693":"i","1694":"d","1695":"t","1696":"h","1697":":","1698":" ","1699":"1","1700":"9","1701":"4","1702":"p","1703":"x","1704":";","1705":"\\","1706":"n","1707":" ","1708":" ","1709":" ","1710":" ","1711":" ","1712":" ","1713":" ","1714":" ","1715":" ","1716":" ","1717":"m","1718":"a","1719":"r","1720":"g","1721":"i","1722":"n","1723":"-","1724":"l","1725":"e","1726":"f","1727":"t","1728":":","1729":" ","1730":"2","1731":"2","1732":"p","1733":"x","1734":";","1735":"\\","1736":"n","1737":" ","1738":" ","1739":" ","1740":" ","1741":" ","1742":" ","1743":" ","1744":" ","1745":" ","1746":" ","1747":"m","1748":"a","1749":"r","1750":"g","1751":"i","1752":"n","1753":"-","1754":"t","1755":"o","1756":"p","1757":":","1758":" ","1759":"1","1760":"p","1761":"x","1762":";","1763":"\\","1764":"n","1765":" ","1766":" ","1767":" ","1768":" ","1769":" ","1770":" ","1771":" ","1772":" ","1773":" ","1774":" ","1775":"m","1776":"a","1777":"r","1778":"g","1779":"i","1780":"n","1781":"-","1782":"b","1783":"o","1784":"t","1785":"t","1786":"o","1787":"m","1788":":","1789":" ","1790":"1","1791":"p","1792":"x","1793":";","1794":"\\","1795":"n","1796":" ","1797":" ","1798":" ","1799":" ","1800":" ","1801":" ","1802":" ","1803":" ","1804":"\\","1805":"\"","1806":"\\","1807":"n","1808":" ","1809":" ","1810":" ","1811":" ","1812":" ","1813":" ","1814":"/","1815":">","1816":"\\","1817":"n","1818":" ","1819":" ","1820":" ","1821":" ","1822":"<","1823":"/","1824":"d","1825":"i","1826":"v","1827":">","1828":"\\","1829":"n","1830":" ","1831":" ","1832":" ","1833":" ","1834":"<","1835":"d","1836":"i","1837":"v","1838":" ","1839":"c","1840":"l","1841":"a","1842":"s","1843":"s","1844":"=","1845":"\\","1846":"\"","1847":"c","1848":"o","1849":"n","1850":"t","1851":"a","1852":"i","1853":"n","1854":"e","1855":"r","1856":"\\","1857":"\"","1858":">","1859":"\\","1860":"n","1861":" ","1862":" ","1863":" ","1864":" ","1865":" ","1866":" ","1867":"<","1868":"d","1869":"i","1870":"v","1871":" ","1872":"c","1873":"l","1874":"a","1875":"s","1876":"s","1877":"=","1878":"\\","1879":"\"","1880":"v","1881":"l","1882":"-","1883":"1","1884":"\\","1885":"\"","1886":" ","1887":"s","1888":"t","1889":"y","1890":"l","1891":"e","1892":"=","1893":"\\","1894":"\"","1895":"\\","1896":"\"","1897":">","1898":"<","1899":"/","1900":"d","1901":"i","1902":"v","1903":">","1904":"\\","1905":"n","1906":" ","1907":" ","1908":" ","1909":" ","1910":" ","1911":" ","1912":"<","1913":"d","1914":"i","1915":"v","1916":" ","1917":"c","1918":"l","1919":"a","1920":"s","1921":"s","1922":"=","1923":"\\","1924":"\"","1925":"v","1926":"l","1927":"-","1928":"2","1929":"\\","1930":"\"","1931":" ","1932":"s","1933":"t","1934":"y","1935":"l","1936":"e","1937":"=","1938":"\\","1939":"\"","1940":"\\","1941":"\"","1942":">","1943":"<","1944":"/","1945":"d","1946":"i","1947":"v","1948":">","1949":"\\","1950":"n","1951":" ","1952":" ","1953":" ","1954":" ","1955":" ","1956":" ","1957":"<","1958":"d","1959":"i","1960":"v","1961":" ","1962":"c","1963":"l","1964":"a","1965":"s","1966":"s","1967":"=","1968":"\\","1969":"\"","1970":"v","1971":"l","1972":"-","1973":"3","1974":"\\","1975":"\"","1976":" ","1977":"s","1978":"t","1979":"y","1980":"l","1981":"e","1982":"=","1983":"\\","1984":"\"","1985":"\\","1986":"\"","1987":">","1988":"<","1989":"/","1990":"d","1991":"i","1992":"v","1993":">","1994":"\\","1995":"n","1996":" ","1997":" ","1998":" ","1999":" ","2000":"<","2001":"/","2002":"d","2003":"i","2004":"v","2005":">","2006":"\\","2007":"n","2008":" ","2009":" ","2010":" ","2011":" ","2012":"<","2013":"d","2014":"i","2015":"v","2016":" ","2017":"i","2018":"d","2019":"=","2020":"\\","2021":"\"","2022":"S","2023":"u","2024":"b","2025":"m","2026":"e","2027":"n","2028":"u","2029":"\\","2030":"\"","2031":" ","2032":"s","2033":"t","2034":"y","2035":"l","2036":"e","2037":"=","2038":"\\","2039":"\"","2040":"\\","2041":"\"","2042":">","2043":"\\","2044":"n","2045":" ","2046":" ","2047":" ","2048":" ","2049":" ","2050":" ","2051":"<","2052":"b","2053":"u","2054":"t","2055":"t","2056":"o","2057":"n","2058":"\\","2059":"n","2060":" ","2061":" ","2062":" ","2063":" ","2064":" ","2065":" ","2066":" ","2067":" ","2068":"i","2069":"d","2070":"=","2071":"\\","2072":"\"","2073":"b","2074":"u","2075":"t","2076":"t","2077":"o","2078":"n","2079":" ","2080":"C","2081":"\\","2082":"\"","2083":"\\","2084":"n","2085":" ","2086":" ","2087":" ","2088":" ","2089":" ","2090":" ","2091":" ","2092":" ","2093":"s","2094":"t","2095":"y","2096":"l","2097":"e","2098":"=","2099":"\\","2100":"\"","2101":"w","2102":"i","2103":"d","2104":"t","2105":"h","2106":":","2107":" ","2108":"5","2109":"0","2110":"p","2111":"x","2112":";","2113":" ","2114":"h","2115":"e","2116":"i","2117":"g","2118":"h","2119":"t","2120":":","2121":" ","2122":"4","2123":"0","2124":"p","2125":"x","2126":"\\","2127":"\"","2128":"\\","2129":"n","2130":" ","2131":" ","2132":" ","2133":" ","2134":" ","2135":" ","2136":" ","2137":" ","2138":"@","2139":"c","2140":"l","2141":"i","2142":"c","2143":"k","2144":"=","2145":"\\","2146":"\"","2147":"s","2148":"e","2149":"l","2150":"e","2151":"c","2152":"t","2153":"T","2154":"a","2155":"b","2156":"(","2157":"'","2158":"C","2159":"'","2160":")","2161":"\\","2162":"\"","2163":"\\","2164":"n","2165":" ","2166":" ","2167":" ","2168":" ","2169":" ","2170":" ","2171":">","2172":"\\","2173":"n","2174":" ","2175":" ","2176":" ","2177":" ","2178":" ","2179":" ","2180":" ","2181":" ","2182":"C","2183":"\\","2184":"n","2185":" ","2186":" ","2187":" ","2188":" ","2189":" ","2190":" ","2191":"<","2192":"/","2193":"b","2194":"u","2195":"t","2196":"t","2197":"o","2198":"n","2199":">","2200":"\\","2201":"n","2202":" ","2203":" ","2204":" ","2205":" ","2206":" ","2207":" ","2208":"<","2209":"b","2210":"u","2211":"t","2212":"t","2213":"o","2214":"n","2215":"\\","2216":"n","2217":" ","2218":" ","2219":" ","2220":" ","2221":" ","2222":" ","2223":" ","2224":" ","2225":"i","2226":"d","2227":"=","2228":"\\","2229":"\"","2230":"b","2231":"u","2232":"t","2233":"t","2234":"o","2235":"n","2236":" ","2237":"B","2238":"\\","2239":"\"","2240":"\\","2241":"n","2242":" ","2243":" ","2244":" ","2245":" ","2246":" ","2247":" ","2248":" ","2249":" ","2250":"s","2251":"t","2252":"y","2253":"l","2254":"e","2255":"=","2256":"\\","2257":"\"","2258":"w","2259":"i","2260":"d","2261":"t","2262":"h","2263":":","2264":" ","2265":"5","2266":"0","2267":"p","2268":"x","2269":";","2270":" ","2271":"h","2272":"e","2273":"i","2274":"g","2275":"h","2276":"t","2277":":","2278":" ","2279":"4","2280":"0","2281":"p","2282":"x","2283":";","2284":" ","2285":"m","2286":"a","2287":"r","2288":"g","2289":"i","2290":"n","2291":"-","2292":"l","2293":"e","2294":"f","2295":"t","2296":":","2297":" ","2298":"4","2299":"5","2300":"p","2301":"x","2302":"\\","2303":"\"","2304":"\\","2305":"n","2306":" ","2307":" ","2308":" ","2309":" ","2310":" ","2311":" ","2312":" ","2313":" ","2314":"@","2315":"c","2316":"l","2317":"i","2318":"c","2319":"k","2320":"=","2321":"\\","2322":"\"","2323":"s","2324":"e","2325":"l","2326":"e","2327":"c","2328":"t","2329":"T","2330":"a","2331":"b","2332":"(","2333":"'","2334":"B","2335":"'","2336":")","2337":"\\","2338":"\"","2339":"\\","2340":"n","2341":" ","2342":" ","2343":" ","2344":" ","2345":" ","2346":" ","2347":">","2348":"\\","2349":"n","2350":" ","2351":" ","2352":" ","2353":" ","2354":" ","2355":" ","2356":" ","2357":" ","2358":"B","2359":"\\","2360":"n","2361":" ","2362":" ","2363":" ","2364":" ","2365":" ","2366":" ","2367":"<","2368":"/","2369":"b","2370":"u","2371":"t","2372":"t","2373":"o","2374":"n","2375":">","2376":"\\","2377":"n","2378":" ","2379":" ","2380":" ","2381":" ","2382":" ","2383":" ","2384":"<","2385":"b","2386":"u","2387":"t","2388":"t","2389":"o","2390":"n","2391":"\\","2392":"n","2393":" ","2394":" ","2395":" ","2396":" ","2397":" ","2398":" ","2399":" ","2400":" ","2401":"i","2402":"d","2403":"=","2404":"\\","2405":"\"","2406":"b","2407":"u","2408":"t","2409":"t","2410":"o","2411":"n","2412":" ","2413":"D","2414":"\\","2415":"\"","2416":"\\","2417":"n","2418":" ","2419":" ","2420":" ","2421":" ","2422":" ","2423":" ","2424":" ","2425":" ","2426":"s","2427":"t","2428":"y","2429":"l","2430":"e","2431":"=","2432":"\\","2433":"\"","2434":"w","2435":"i","2436":"d","2437":"t","2438":"h","2439":":","2440":" ","2441":"5","2442":"0","2443":"p","2444":"x","2445":";","2446":" ","2447":"h","2448":"e","2449":"i","2450":"g","2451":"h","2452":"t","2453":":","2454":" ","2455":"4","2456":"0","2457":"p","2458":"x","2459":";","2460":" ","2461":"m","2462":"a","2463":"r","2464":"g","2465":"i","2466":"n","2467":"-","2468":"l","2469":"e","2470":"f","2471":"t","2472":":","2473":" ","2474":"4","2475":"5","2476":"p","2477":"x","2478":"\\","2479":"\"","2480":"\\","2481":"n","2482":" ","2483":" ","2484":" ","2485":" ","2486":" ","2487":" ","2488":" ","2489":" ","2490":"@","2491":"c","2492":"l","2493":"i","2494":"c","2495":"k","2496":"=","2497":"\\","2498":"\"","2499":"s","2500":"e","2501":"l","2502":"e","2503":"c","2504":"t","2505":"T","2506":"a","2507":"b","2508":"(","2509":"'","2510":"D","2511":"'","2512":")","2513":"\\","2514":"\"","2515":"\\","2516":"n","2517":" ","2518":" ","2519":" ","2520":" ","2521":" ","2522":" ","2523":">","2524":"\\","2525":"n","2526":" ","2527":" ","2528":" ","2529":" ","2530":" ","2531":" ","2532":" ","2533":" ","2534":"D","2535":"\\","2536":"n","2537":" ","2538":" ","2539":" ","2540":" ","2541":" ","2542":" ","2543":"<","2544":"/","2545":"b","2546":"u","2547":"t","2548":"t","2549":"o","2550":"n","2551":">","2552":"\\","2553":"n","2554":" ","2555":" ","2556":" ","2557":" ","2558":"<","2559":"/","2560":"d","2561":"i","2562":"v","2563":">","2564":"\\","2565":"n","2566":" ","2567":" ","2568":" ","2569":" ","2570":"<","2571":"d","2572":"i","2573":"v","2574":" ","2575":"c","2576":"l","2577":"a","2578":"s","2579":"s","2580":"=","2581":"\\","2582":"\"","2583":"v","2584":"l","2585":"-","2586":"4","2587":"\\","2588":"\"","2589":" ","2590":"s","2591":"t","2592":"y","2593":"l","2594":"e","2595":"=","2596":"\\","2597":"\"","2598":"m","2599":"a","2600":"r","2601":"g","2602":"i","2603":"n","2604":"-","2605":"l","2606":"e","2607":"f","2608":"t","2609":":","2610":" ","2611":"1","2612":"2","2613":"0","2614":"p","2615":"x","2616":"\\","2617":"\"","2618":">","2619":"<","2620":"/","2621":"d","2622":"i","2623":"v","2624":">","2625":"\\","2626":"n","2627":" ","2628":" ","2629":" ","2630":" ","2631":"<","2632":"h","2633":"r","2634":"\\","2635":"n","2636":" ","2637":" ","2638":" ","2639":" ","2640":" ","2641":" ","2642":"s","2643":"t","2644":"y","2645":"l","2646":"e","2647":"=","2648":"\\","2649":"\"","2650":"\\","2651":"n","2652":" ","2653":" ","2654":" ","2655":" ","2656":" ","2657":" ","2658":" ","2659":" ","2660":"w","2661":"i","2662":"d","2663":"t","2664":"h","2665":":","2666":" ","2667":"1","2668":"9","2669":"4","2670":"p","2671":"x","2672":";","2673":"\\","2674":"n","2675":" ","2676":" ","2677":" ","2678":" ","2679":" ","2680":" ","2681":" ","2682":" ","2683":"m","2684":"a","2685":"r","2686":"g","2687":"i","2688":"n","2689":"-","2690":"l","2691":"e","2692":"f","2693":"t","2694":":","2695":" ","2696":"2","2697":"2","2698":"p","2699":"x","2700":";","2701":"\\","2702":"n","2703":" ","2704":" ","2705":" ","2706":" ","2707":" ","2708":" ","2709":" ","2710":" ","2711":"m","2712":"a","2713":"r","2714":"g","2715":"i","2716":"n","2717":"-","2718":"t","2719":"o","2720":"p","2721":":","2722":" ","2723":"1","2724":"p","2725":"x","2726":";","2727":"\\","2728":"n","2729":" ","2730":" ","2731":" ","2732":" ","2733":" ","2734":" ","2735":" ","2736":" ","2737":"m","2738":"a","2739":"r","2740":"g","2741":"i","2742":"n","2743":"-","2744":"b","2745":"o","2746":"t","2747":"t","2748":"o","2749":"m","2750":":","2751":" ","2752":"1","2753":"p","2754":"x","2755":";","2756":"\\","2757":"n","2758":" ","2759":" ","2760":" ","2761":" ","2762":" ","2763":" ","2764":"\\","2765":"\"","2766":"\\","2767":"n","2768":" ","2769":" ","2770":" ","2771":" ","2772":"/","2773":">","2774":"\\","2775":"n","2776":" ","2777":" ","2778":" ","2779":" ","2780":"<","2781":"d","2782":"i","2783":"v","2784":" ","2785":"c","2786":"l","2787":"a","2788":"s","2789":"s","2790":"=","2791":"\\","2792":"\"","2793":"c","2794":"o","2795":"n","2796":"t","2797":"a","2798":"i","2799":"n","2800":"e","2801":"r","2802":"\\","2803":"\"","2804":">","2805":"\\","2806":"n","2807":" ","2808":" ","2809":" ","2810":" ","2811":" ","2812":" ","2813":"<","2814":"d","2815":"i","2816":"v","2817":" ","2818":"c","2819":"l","2820":"a","2821":"s","2822":"s","2823":"=","2824":"\\","2825":"\"","2826":"v","2827":"l","2828":"-","2829":"5","2830":"\\","2831":"\"","2832":" ","2833":"s","2834":"t","2835":"y","2836":"l","2837":"e","2838":"=","2839":"\\","2840":"\"","2841":"\\","2842":"\"","2843":">","2844":"<","2845":"/","2846":"d","2847":"i","2848":"v","2849":">","2850":"\\","2851":"n","2852":" ","2853":" ","2854":" ","2855":" ","2856":" ","2857":" ","2858":"<","2859":"d","2860":"i","2861":"v","2862":" ","2863":"c","2864":"l","2865":"a","2866":"s","2867":"s","2868":"=","2869":"\\","2870":"\"","2871":"v","2872":"l","2873":"-","2874":"6","2875":"\\","2876":"\"","2877":" ","2878":"s","2879":"t","2880":"y","2881":"l","2882":"e","2883":"=","2884":"\\","2885":"\"","2886":"\\","2887":"\"","2888":">","2889":"<","2890":"/","2891":"d","2892":"i","2893":"v","2894":">","2895":"\\","2896":"n","2897":" ","2898":" ","2899":" ","2900":" ","2901":" ","2902":" ","2903":"<","2904":"d","2905":"i","2906":"v","2907":" ","2908":"c","2909":"l","2910":"a","2911":"s","2912":"s","2913":"=","2914":"\\","2915":"\"","2916":"v","2917":"l","2918":"-","2919":"7","2920":"\\","2921":"\"","2922":" ","2923":"s","2924":"t","2925":"y","2926":"l","2927":"e","2928":"=","2929":"\\","2930":"\"","2931":"\\","2932":"\"","2933":">","2934":"<","2935":"/","2936":"d","2937":"i","2938":"v","2939":">","2940":"\\","2941":"n","2942":" ","2943":" ","2944":" ","2945":" ","2946":"<","2947":"/","2948":"d","2949":"i","2950":"v","2951":">","2952":"\\","2953":"n","2954":" ","2955":" ","2956":" ","2957":" ","2958":"<","2959":"!","2960":"-","2961":"-","2962":" ","2963":"S","2964":"u","2965":"b","2966":" ","2967":"M","2968":"e","2969":"n","2970":"u","2971":" ","2972":"f","2973":"o","2974":"r","2975":" ","2976":"B","2977":" ","2978":"-","2979":"-","2980":">","2981":"\\","2982":"n","2983":" ","2984":" ","2985":" ","2986":" ","2987":"<","2988":"d","2989":"i","2990":"v","2991":">","2992":"\\","2993":"n","2994":" ","2995":" ","2996":" ","2997":" ","2998":" ","2999":" ","3000":"<","3001":"b","3002":"u","3003":"t","3004":"t","3005":"o","3006":"n","3007":"\\","3008":"n","3009":" ","3010":" ","3011":" ","3012":" ","3013":" ","3014":" ","3015":" ","3016":" ","3017":"i","3018":"d","3019":"=","3020":"\\","3021":"\"","3022":"b","3023":"u","3024":"t","3025":"t","3026":"o","3027":"n","3028":" ","3029":"B","3030":"-","3031":"1","3032":"\\","3033":"\"","3034":"\\","3035":"n","3036":" ","3037":" ","3038":" ","3039":" ","3040":" ","3041":" ","3042":" ","3043":" ","3044":"s","3045":"t","3046":"y","3047":"l","3048":"e","3049":"=","3050":"\\","3051":"\"","3052":"w","3053":"i","3054":"d","3055":"t","3056":"h","3057":":","3058":" ","3059":"5","3060":"0","3061":"p","3062":"x","3063":";","3064":" ","3065":"h","3066":"e","3067":"i","3068":"g","3069":"h","3070":"t","3071":":","3072":" ","3073":"4","3074":"0","3075":"p","3076":"x","3077":"\\","3078":"\"","3079":"\\","3080":"n","3081":" ","3082":" ","3083":" ","3084":" ","3085":" ","3086":" ","3087":" ","3088":" ","3089":"@","3090":"c","3091":"l","3092":"i","3093":"c","3094":"k","3095":"=","3096":"\\","3097":"\"","3098":"s","3099":"e","3100":"l","3101":"e","3102":"c","3103":"t","3104":"T","3105":"a","3106":"b","3107":"(","3108":"'","3109":"B","3110":"-","3111":"1","3112":"'","3113":")","3114":"\\","3115":"\"","3116":"\\","3117":"n","3118":" ","3119":" ","3120":" ","3121":" ","3122":" ","3123":" ","3124":">","3125":"\\","3126":"n","3127":" ","3128":" ","3129":" ","3130":" ","3131":" ","3132":" ","3133":" ","3134":" ","3135":"B","3136":"-","3137":"1","3138":"\\","3139":"n","3140":" ","3141":" ","3142":" ","3143":" ","3144":" ","3145":" ","3146":"<","3147":"/","3148":"b","3149":"u","3150":"t","3151":"t","3152":"o","3153":"n","3154":">","3155":"\\","3156":"n","3157":" ","3158":" ","3159":" ","3160":" ","3161":" ","3162":" ","3163":"<","3164":"b","3165":"u","3166":"t","3167":"t","3168":"o","3169":"n","3170":"\\","3171":"n","3172":" ","3173":" ","3174":" ","3175":" ","3176":" ","3177":" ","3178":" ","3179":" ","3180":"i","3181":"d","3182":"=","3183":"\\","3184":"\"","3185":"b","3186":"u","3187":"t","3188":"t","3189":"o","3190":"n","3191":" ","3192":"B","3193":"-","3194":"2","3195":"\\","3196":"\"","3197":"\\","3198":"n","3199":" ","3200":" ","3201":" ","3202":" ","3203":" ","3204":" ","3205":" ","3206":" ","3207":"s","3208":"t","3209":"y","3210":"l","3211":"e","3212":"=","3213":"\\","3214":"\"","3215":"w","3216":"i","3217":"d","3218":"t","3219":"h","3220":":","3221":" ","3222":"5","3223":"0","3224":"p","3225":"x","3226":";","3227":" ","3228":"h","3229":"e","3230":"i","3231":"g","3232":"h","3233":"t","3234":":","3235":" ","3236":"4","3237":"0","3238":"p","3239":"x","3240":";","3241":" ","3242":"m","3243":"a","3244":"r","3245":"g","3246":"i","3247":"n","3248":"-","3249":"l","3250":"e","3251":"f","3252":"t","3253":":","3254":" ","3255":"4","3256":"5","3257":"p","3258":"x","3259":"\\","3260":"\"","3261":"\\","3262":"n","3263":" ","3264":" ","3265":" ","3266":" ","3267":" ","3268":" ","3269":" ","3270":" ","3271":"@","3272":"c","3273":"l","3274":"i","3275":"c","3276":"k","3277":"=","3278":"\\","3279":"\"","3280":"s","3281":"e","3282":"l","3283":"e","3284":"c","3285":"t","3286":"T","3287":"a","3288":"b","3289":"(","3290":"'","3291":"B","3292":"-","3293":"2","3294":"'","3295":")","3296":"\\","3297":"\"","3298":"\\","3299":"n","3300":" ","3301":" ","3302":" ","3303":" ","3304":" ","3305":" ","3306":">","3307":"\\","3308":"n","3309":" ","3310":" ","3311":" ","3312":" ","3313":" ","3314":" ","3315":" ","3316":" ","3317":"B","3318":"-","3319":"2","3320":"\\","3321":"n","3322":" ","3323":" ","3324":" ","3325":" ","3326":" ","3327":" ","3328":"<","3329":"/","3330":"b","3331":"u","3332":"t","3333":"t","3334":"o","3335":"n","3336":">","3337":"\\","3338":"n","3339":" ","3340":" ","3341":" ","3342":" ","3343":" ","3344":" ","3345":"<","3346":"b","3347":"u","3348":"t","3349":"t","3350":"o","3351":"n","3352":"\\","3353":"n","3354":" ","3355":" ","3356":" ","3357":" ","3358":" ","3359":" ","3360":" ","3361":" ","3362":"i","3363":"d","3364":"=","3365":"\\","3366":"\"","3367":"b","3368":"u","3369":"t","3370":"t","3371":"o","3372":"n","3373":" ","3374":"B","3375":"-","3376":"3","3377":"\\","3378":"\"","3379":"\\","3380":"n","3381":" ","3382":" ","3383":" ","3384":" ","3385":" ","3386":" ","3387":" ","3388":" ","3389":"s","3390":"t","3391":"y","3392":"l","3393":"e","3394":"=","3395":"\\","3396":"\"","3397":"w","3398":"i","3399":"d","3400":"t","3401":"h","3402":":","3403":" ","3404":"5","3405":"0","3406":"p","3407":"x","3408":";","3409":" ","3410":"h","3411":"e","3412":"i","3413":"g","3414":"h","3415":"t","3416":":","3417":" ","3418":"4","3419":"0","3420":"p","3421":"x","3422":";","3423":" ","3424":"m","3425":"a","3426":"r","3427":"g","3428":"i","3429":"n","3430":"-","3431":"l","3432":"e","3433":"f","3434":"t","3435":":","3436":" ","3437":"4","3438":"5","3439":"p","3440":"x","3441":"\\","3442":"\"","3443":"\\","3444":"n","3445":" ","3446":" ","3447":" ","3448":" ","3449":" ","3450":" ","3451":" ","3452":" ","3453":"@","3454":"c","3455":"l","3456":"i","3457":"c","3458":"k","3459":"=","3460":"\\","3461":"\"","3462":"s","3463":"e","3464":"l","3465":"e","3466":"c","3467":"t","3468":"T","3469":"a","3470":"b","3471":"(","3472":"'","3473":"B","3474":"-","3475":"3","3476":"'","3477":")","3478":"\\","3479":"\"","3480":"\\","3481":"n","3482":" ","3483":" ","3484":" ","3485":" ","3486":" ","3487":" ","3488":">","3489":"\\","3490":"n","3491":" ","3492":" ","3493":" ","3494":" ","3495":" ","3496":" ","3497":" ","3498":" ","3499":"B","3500":"-","3501":"3","3502":"\\","3503":"n","3504":" ","3505":" ","3506":" ","3507":" ","3508":" ","3509":" ","3510":"<","3511":"/","3512":"b","3513":"u","3514":"t","3515":"t","3516":"o","3517":"n","3518":">","3519":"\\","3520":"n","3521":" ","3522":" ","3523":" ","3524":" ","3525":"<","3526":"/","3527":"d","3528":"i","3529":"v","3530":">","3531":"\\","3532":"n","3533":"\\","3534":"n","3535":" ","3536":" ","3537":" ","3538":" ","3539":"<","3540":"!","3541":"-","3542":"-","3543":" ","3544":"D","3545":"e","3546":"s","3547":"c","3548":"r","3549":"i","3550":"p","3551":"t","3552":"i","3553":"o","3554":"n","3555":" ","3556":"S","3557":"e","3558":"c","3559":"t","3560":"i","3561":"o","3562":"n","3563":" ","3564":"-","3565":"-","3566":">","3567":"\\","3568":"n","3569":" ","3570":" ","3571":" ","3572":" ","3573":"<","3574":"d","3575":"i","3576":"v","3577":" ","3578":"i","3579":"d","3580":"=","3581":"\\","3582":"\"","3583":"d","3584":"e","3585":"s","3586":"c","3587":"r","3588":"i","3589":"p","3590":"t","3591":"i","3592":"o","3593":"n","3594":"\\","3595":"\"","3596":" ","3597":"v","3598":"-","3599":"i","3600":"f","3601":"=","3602":"\\","3603":"\"","3604":"s","3605":"e","3606":"l","3607":"e","3608":"c","3609":"t","3610":"e","3611":"d","3612":"T","3613":"a","3614":"b","3615":"\\","3616":"\"","3617":">","3618":"\\","3619":"n","3620":" ","3621":" ","3622":" ","3623":" ","3624":" ","3625":" ","3626":"<","3627":"b","3628":"u","3629":"t","3630":"t","3631":"o","3632":"n","3633":" ","3634":"i","3635":"d","3636":"=","3637":"\\","3638":"\"","3639":"b","3640":"u","3641":"t","3642":"t","3643":"o","3644":"n","3645":" ","3646":"c","3647":"l","3648":"e","3649":"a","3650":"r","3651":"\\","3652":"\"","3653":" ","3654":"@","3655":"c","3656":"l","3657":"i","3658":"c","3659":"k","3660":"=","3661":"\\","3662":"\"","3663":"c","3664":"l","3665":"e","3666":"a","3667":"r","3668":"S","3669":"e","3670":"l","3671":"e","3672":"c","3673":"t","3674":"i","3675":"o","3676":"n","3677":"\\","3678":"\"","3679":">","3680":"X","3681":"<","3682":"/","3683":"b","3684":"u","3685":"t","3686":"t","3687":"o","3688":"n","3689":">","3690":"\\","3691":"n","3692":" ","3693":" ","3694":" ","3695":" ","3696":" ","3697":" ","3698":"<","3699":"h","3700":"2","3701":">","3702":"{","3703":"{","3704":" ","3705":"d","3706":"e","3707":"s","3708":"c","3709":"r","3710":"i","3711":"p","3712":"t","3713":"i","3714":"o","3715":"n","3716":".","3717":"t","3718":"i","3719":"t","3720":"l","3721":"e","3722":" ","3723":"}","3724":"}","3725":"<","3726":"/","3727":"h","3728":"2","3729":">","3730":"\\","3731":"n","3732":" ","3733":" ","3734":" ","3735":" ","3736":" ","3737":" ","3738":"<","3739":"p","3740":">","3741":"{","3742":"{","3743":" ","3744":"d","3745":"e","3746":"s","3747":"c","3748":"r","3749":"i","3750":"p","3751":"t","3752":"i","3753":"o","3754":"n","3755":".","3756":"t","3757":"e","3758":"x","3759":"t","3760":" ","3761":"}","3762":"}","3763":"<","3764":"/","3765":"p","3766":">","3767":"\\","3768":"n","3769":" ","3770":" ","3771":" ","3772":" ","3773":"<","3774":"/","3775":"d","3776":"i","3777":"v","3778":">","3779":"\\","3780":"n","3781":" ","3782":" ","3783":"<","3784":"/","3785":"d","3786":"i","3787":"v","3788":">","3789":"\\","3790":"n","3791":"<","3792":"/","3793":"t","3794":"e","3795":"m","3796":"p","3797":"l","3798":"a","3799":"t","3800":"e","3801":">","3802":"\\","3803":"n","3804":"\\","3805":"n","3806":"<","3807":"s","3808":"c","3809":"r","3810":"i","3811":"p","3812":"t","3813":">","3814":"\\","3815":"n","3816":"i","3817":"m","3818":"p","3819":"o","3820":"r","3821":"t","3822":" ","3823":"{","3824":" ","3825":"r","3826":"e","3827":"f","3828":" ","3829":"}","3830":" ","3831":"f","3832":"r","3833":"o","3834":"m","3835":" ","3836":"\\","3837":"\"","3838":"v","3839":"u","3840":"e","3841":"\\","3842":"\"","3843":";","3844":"\\","3845":"n","3846":"\\","3847":"n","3848":"e","3849":"x","3850":"p","3851":"o","3852":"r","3853":"t","3854":" ","3855":"d","3856":"e","3857":"f","3858":"a","3859":"u","3860":"l","3861":"t","3862":" ","3863":"{","3864":"\\","3865":"n","3866":" ","3867":" ","3868":"n","3869":"a","3870":"m","3871":"e","3872":":","3873":" ","3874":"\\","3875":"\"","3876":"S","3877":"m","3878":"a","3879":"l","3880":"l","3881":"G","3882":"r","3883":"a","3884":"p","3885":"h","3886":"D","3887":"a","3888":"t","3889":"a","3890":"\\","3891":"\"","3892":",","3893":"\\","3894":"n","3895":" ","3896":" ","3897":"s","3898":"e","3899":"t","3900":"u","3901":"p","3902":"(","3903":")","3904":" ","3905":"{","3906":"\\","3907":"n","3908":" ","3909":" ","3910":" ","3911":" ","3912":"/","3913":"/","3914":" ","3915":"R","3916":"e","3917":"a","3918":"c","3919":"t","3920":"i","3921":"v","3922":"e","3923":" ","3924":"r","3925":"e","3926":"f","3927":"e","3928":"r","3929":"e","3930":"n","3931":"c","3932":"e","3933":"s","3934":" ","3935":"f","3936":"o","3937":"r","3938":" ","3939":"m","3940":"a","3941":"n","3942":"a","3943":"g","3944":"i","3945":"n","3946":"g","3947":" ","3948":"s","3949":"t","3950":"a","3951":"t","3952":"e","3953":"\\","3954":"n","3955":" ","3956":" ","3957":" ","3958":" ","3959":"c","3960":"o","3961":"n","3962":"s","3963":"t","3964":" ","3965":"s","3966":"e","3967":"l","3968":"e","3969":"c","3970":"t","3971":"e","3972":"d","3973":"T","3974":"a","3975":"b","3976":" ","3977":"=","3978":" ","3979":"r","3980":"e","3981":"f","3982":"(","3983":"n","3984":"u","3985":"l","3986":"l","3987":")","3988":";","3989":"\\","3990":"n","3991":"\\","3992":"n","3993":" ","3994":" ","3995":" ","3996":" ","3997":"/","3998":"/","3999":" ","4000":"J","4001":"S","4002":"O","4003":"N","4004":" ","4005":"d","4006":"a","4007":"t","4008":"a","4009":" ","4010":"f","4011":"o","4012":"r","4013":" ","4014":"d","4015":"e","4016":"s","4017":"c","4018":"r","4019":"i","4020":"p","4021":"t","4022":"i","4023":"o","4024":"n","4025":"s","4026":"\\","4027":"n","4028":" ","4029":" ","4030":" ","4031":" ","4032":"c","4033":"o","4034":"n","4035":"s","4036":"t","4037":" ","4038":"d","4039":"e","4040":"s","4041":"c","4042":"r","4043":"i","4044":"p","4045":"t","4046":"i","4047":"o","4048":"n","4049":"s","4050":" ","4051":"=","4052":" ","4053":"{","4054":"\\","4055":"n","4056":" ","4057":" ","4058":" ","4059":" ","4060":" ","4061":" ","4062":"A","4063":":","4064":" ","4065":"{","4066":" ","4067":"t","4068":"i","4069":"t","4070":"l","4071":"e","4072":":","4073":" ","4074":"\\","4075":"\"","4076":"A","4077":"\\","4078":"\"","4079":",","4080":" ","4081":"t","4082":"e","4083":"x","4084":"t","4085":":","4086":" ","4087":"\\","4088":"\"","4089":"T","4090":"h","4091":"i","4092":"s","4093":" ","4094":"i","4095":"s","4096":" ","4097":"a","4098":" ","4099":"d","4100":"e","4101":"s","4102":"c","4103":"r","4104":"i","4105":"p","4106":"t","4107":"i","4108":"o","4109":"n","4110":" ","4111":"o","4112":"f","4113":" ","4114":"A","4115":"\\","4116":"\"","4117":" ","4118":"}","4119":",","4120":"\\","4121":"n","4122":" ","4123":" ","4124":" ","4125":" ","4126":" ","4127":" ","4128":"B","4129":":","4130":" ","4131":"{","4132":" ","4133":"t","4134":"i","4135":"t","4136":"l","4137":"e","4138":":","4139":" ","4140":"\\","4141":"\"","4142":"B","4143":"\\","4144":"\"","4145":",","4146":" ","4147":"t","4148":"e","4149":"x","4150":"t","4151":":","4152":" ","4153":"\\","4154":"\"","4155":"T","4156":"h","4157":"i","4158":"s","4159":" ","4160":"i","4161":"s","4162":" ","4163":"a","4164":" ","4165":"d","4166":"e","4167":"s","4168":"c","4169":"r","4170":"i","4171":"p","4172":"t","4173":"i","4174":"o","4175":"n","4176":" ","4177":"o","4178":"f","4179":" ","4180":"B","4181":"\\","4182":"\"","4183":" ","4184":"}","4185":",","4186":"\\","4187":"n","4188":" ","4189":" ","4190":" ","4191":" ","4192":" ","4193":" ","4194":"C","4195":":","4196":" ","4197":"{","4198":" ","4199":"t","4200":"i","4201":"t","4202":"l","4203":"e","4204":":","4205":" ","4206":"\\","4207":"\"","4208":"C","4209":"\\","4210":"\"","4211":",","4212":" ","4213":"t","4214":"e","4215":"x","4216":"t","4217":":","4218":" ","4219":"\\","4220":"\"","4221":"T","4222":"h","4223":"i","4224":"s","4225":" ","4226":"i","4227":"s","4228":" ","4229":"a","4230":" ","4231":"d","4232":"e","4233":"s","4234":"c","4235":"r","4236":"i","4237":"p","4238":"t","4239":"i","4240":"o","4241":"n","4242":" ","4243":"o","4244":"f","4245":" ","4246":"C","4247":"\\","4248":"\"","4249":" ","4250":"}","4251":",","4252":"\\","4253":"n","4254":" ","4255":" ","4256":" ","4257":" ","4258":" ","4259":" ","4260":"D","4261":":","4262":" ","4263":"{","4264":" ","4265":"t","4266":"i","4267":"t","4268":"l","4269":"e","4270":":","4271":" ","4272":"\\","4273":"\"","4274":"D","4275":"\\","4276":"\"","4277":",","4278":" ","4279":"t","4280":"e","4281":"x","4282":"t","4283":":","4284":" ","4285":"\\","4286":"\"","4287":"T","4288":"h","4289":"i","4290":"s","4291":" ","4292":"i","4293":"s","4294":" ","4295":"a","4296":" ","4297":"d","4298":"e","4299":"s","4300":"c","4301":"r","4302":"i","4303":"p","4304":"t","4305":"i","4306":"o","4307":"n","4308":" ","4309":"o","4310":"f","4311":" ","4312":"D","4313":"\\","4314":"\"","4315":" ","4316":"}","4317":",","4318":"\\","4319":"n","4320":" ","4321":" ","4322":" ","4323":" ","4324":" ","4325":" ","4326":"\\","4327":"\"","4328":"B","4329":"-","4330":"1","4331":"\\","4332":"\"","4333":":","4334":" ","4335":"{","4336":" ","4337":"t","4338":"i","4339":"t","4340":"l","4341":"e","4342":":","4343":" ","4344":"\\","4345":"\"","4346":"B","4347":"-","4348":"1","4349":"\\","4350":"\"","4351":",","4352":" ","4353":"t","4354":"e","4355":"x","4356":"t","4357":":","4358":" ","4359":"\\","4360":"\"","4361":"T","4362":"h","4363":"i","4364":"s","4365":" ","4366":"i","4367":"s","4368":" ","4369":"a","4370":" ","4371":"d","4372":"e","4373":"s","4374":"c","4375":"r","4376":"i","4377":"p","4378":"t","4379":"i","4380":"o","4381":"n","4382":" ","4383":"o","4384":"f","4385":" ","4386":"B","4387":"-","4388":"1","4389":"\\","4390":"\"","4391":" ","4392":"}","4393":",","4394":"\\","4395":"n","4396":" ","4397":" ","4398":" ","4399":" ","4400":" ","4401":" ","4402":"\\","4403":"\"","4404":"B","4405":"-","4406":"2","4407":"\\","4408":"\"","4409":":","4410":" ","4411":"{","4412":" ","4413":"t","4414":"i","4415":"t","4416":"l","4417":"e","4418":":","4419":" ","4420":"\\","4421":"\"","4422":"B","4423":"-","4424":"2","4425":"\\","4426":"\"","4427":",","4428":" ","4429":"t","4430":"e","4431":"x","4432":"t","4433":":","4434":" ","4435":"\\","4436":"\"","4437":"T","4438":"h","4439":"i","4440":"s","4441":" ","4442":"i","4443":"s","4444":" ","4445":"a","4446":" ","4447":"d","4448":"e","4449":"s","4450":"c","4451":"r","4452":"i","4453":"p","4454":"t","4455":"i","4456":"o","4457":"n","4458":" ","4459":"o","4460":"f","4461":" ","4462":"B","4463":"-","4464":"2","4465":"\\","4466":"\"","4467":" ","4468":"}","4469":",","4470":"\\","4471":"n","4472":" ","4473":" ","4474":" ","4475":" ","4476":" ","4477":" ","4478":"\\","4479":"\"","4480":"B","4481":"-","4482":"3","4483":"\\","4484":"\"","4485":":","4486":" ","4487":"{","4488":" ","4489":"t","4490":"i","4491":"t","4492":"l","4493":"e","4494":":","4495":" ","4496":"\\","4497":"\"","4498":"B","4499":"-","4500":"3","4501":"\\","4502":"\"","4503":",","4504":" ","4505":"t","4506":"e","4507":"x","4508":"t","4509":":","4510":" ","4511":"\\","4512":"\"","4513":"T","4514":"h","4515":"i","4516":"s","4517":" ","4518":"i","4519":"s","4520":" ","4521":"a","4522":" ","4523":"d","4524":"e","4525":"s","4526":"c","4527":"r","4528":"i","4529":"p","4530":"t","4531":"i","4532":"o","4533":"n","4534":" ","4535":"o","4536":"f","4537":" ","4538":"B","4539":"-","4540":"3","4541":"\\","4542":"\"","4543":" ","4544":"}","4545":",","4546":"\\","4547":"n","4548":" ","4549":" ","4550":" ","4551":" ","4552":"}","4553":";","4554":"\\","4555":"n","4556":"\\","4557":"n","4558":" ","4559":" ","4560":" ","4561":" ","4562":"/","4563":"/","4564":" ","4565":"R","4566":"e","4567":"a","4568":"c","4569":"t","4570":"i","4571":"v","4572":"e","4573":" ","4574":"d","4575":"e","4576":"s","4577":"c","4578":"r","4579":"i","4580":"p","4581":"t","4582":"i","4583":"o","4584":"n","4585":" ","4586":"d","4587":"a","4588":"t","4589":"a","4590":"\\","4591":"n","4592":" ","4593":" ","4594":" ","4595":" ","4596":"c","4597":"o","4598":"n","4599":"s","4600":"t","4601":" ","4602":"d","4603":"e","4604":"s","4605":"c","4606":"r","4607":"i","4608":"p","4609":"t","4610":"i","4611":"o","4612":"n","4613":" ","4614":"=","4615":" ","4616":"r","4617":"e","4618":"f","4619":"(","4620":"{","4621":" ","4622":"t","4623":"i","4624":"t","4625":"l","4626":"e","4627":":","4628":" ","4629":"\\","4630":"\"","4631":"\\","4632":"\"","4633":",","4634":" ","4635":"t","4636":"e","4637":"x","4638":"t","4639":":","4640":" ","4641":"\\","4642":"\"","4643":"\\","4644":"\"","4645":" ","4646":"}","4647":")","4648":";","4649":"\\","4650":"n","4651":"\\","4652":"n","4653":" ","4654":" ","4655":" ","4656":" ","4657":"/","4658":"/","4659":" ","4660":"F","4661":"u","4662":"n","4663":"c","4664":"t","4665":"i","4666":"o","4667":"n","4668":" ","4669":"t","4670":"o","4671":" ","4672":"h","4673":"a","4674":"n","4675":"d","4676":"l","4677":"e","4678":" ","4679":"t","4680":"a","4681":"b","4682":" ","4683":"s","4684":"e","4685":"l","4686":"e","4687":"c","4688":"t","4689":"i","4690":"o","4691":"n","4692":"\\","4693":"n","4694":" ","4695":" ","4696":" ","4697":" ","4698":"c","4699":"o","4700":"n","4701":"s","4702":"t","4703":" ","4704":"s","4705":"e","4706":"l","4707":"e","4708":"c","4709":"t","4710":"T","4711":"a","4712":"b","4713":" ","4714":"=","4715":" ","4716":"(","4717":"t","4718":"a","4719":"b","4720":")","4721":" ","4722":"=","4723":">","4724":" ","4725":"{","4726":"\\","4727":"n","4728":" ","4729":" ","4730":" ","4731":" ","4732":" ","4733":" ","4734":"s","4735":"e","4736":"l","4737":"e","4738":"c","4739":"t","4740":"e","4741":"d","4742":"T","4743":"a","4744":"b","4745":".","4746":"v","4747":"a","4748":"l","4749":"u","4750":"e","4751":" ","4752":"=","4753":" ","4754":"t","4755":"a","4756":"b","4757":";","4758":"\\","4759":"n","4760":" ","4761":" ","4762":" ","4763":" ","4764":" ","4765":" ","4766":"d","4767":"e","4768":"s","4769":"c","4770":"r","4771":"i","4772":"p","4773":"t","4774":"i","4775":"o","4776":"n","4777":".","4778":"v","4779":"a","4780":"l","4781":"u","4782":"e","4783":" ","4784":"=","4785":" ","4786":"d","4787":"e","4788":"s","4789":"c","4790":"r","4791":"i","4792":"p","4793":"t","4794":"i","4795":"o","4796":"n","4797":"s","4798":"[","4799":"t","4800":"a","4801":"b","4802":"]","4803":" ","4804":"|","4805":"|","4806":" ","4807":"{","4808":" ","4809":"t","4810":"i","4811":"t","4812":"l","4813":"e","4814":":","4815":" ","4816":"\\","4817":"\"","4818":"\\","4819":"\"","4820":",","4821":" ","4822":"t","4823":"e","4824":"x","4825":"t","4826":":","4827":" ","4828":"\\","4829":"\"","4830":"\\","4831":"\"","4832":" ","4833":"}","4834":";","4835":"\\","4836":"n","4837":" ","4838":" ","4839":" ","4840":" ","4841":"}","4842":";","4843":"\\","4844":"n","4845":"\\","4846":"n","4847":" ","4848":" ","4849":" ","4850":" ","4851":"/","4852":"/","4853":" ","4854":"F","4855":"u","4856":"n","4857":"c","4858":"t","4859":"i","4860":"o","4861":"n","4862":" ","4863":"t","4864":"o","4865":" ","4866":"c","4867":"l","4868":"e","4869":"a","4870":"r","4871":" ","4872":"t","4873":"h","4874":"e","4875":" ","4876":"s","4877":"e","4878":"l","4879":"e","4880":"c","4881":"t","4882":"i","4883":"o","4884":"n","4885":"\\","4886":"n","4887":" ","4888":" ","4889":" ","4890":" ","4891":"c","4892":"o","4893":"n","4894":"s","4895":"t","4896":" ","4897":"c","4898":"l","4899":"e","4900":"a","4901":"r","4902":"S","4903":"e","4904":"l","4905":"e","4906":"c","4907":"t","4908":"i","4909":"o","4910":"n","4911":" ","4912":"=","4913":" ","4914":"(","4915":")","4916":" ","4917":"=","4918":">","4919":" ","4920":"{","4921":"\\","4922":"n","4923":" ","4924":" ","4925":" ","4926":" ","4927":" ","4928":" ","4929":"s","4930":"e","4931":"l","4932":"e","4933":"c","4934":"t","4935":"e","4936":"d","4937":"T","4938":"a","4939":"b","4940":".","4941":"v","4942":"a","4943":"l","4944":"u","4945":"e","4946":" ","4947":"=","4948":" ","4949":"n","4950":"u","4951":"l","4952":"l","4953":";","4954":"\\","4955":"n","4956":" ","4957":" ","4958":" ","4959":" ","4960":" ","4961":" ","4962":"d","4963":"e","4964":"s","4965":"c","4966":"r","4967":"i","4968":"p","4969":"t","4970":"i","4971":"o","4972":"n","4973":".","4974":"v","4975":"a","4976":"l","4977":"u","4978":"e","4979":" ","4980":"=","4981":" ","4982":"{","4983":" ","4984":"t","4985":"i","4986":"t","4987":"l","4988":"e","4989":":","4990":" ","4991":"\\","4992":"\"","4993":"\\","4994":"\"","4995":",","4996":" ","4997":"t","4998":"e","4999":"x","5000":"t","5001":":","5002":" ","5003":"\\","5004":"\"","5005":"\\","5006":"\"","5007":" ","5008":"}","5009":";","5010":"\\","5011":"n","5012":" ","5013":" ","5014":" ","5015":" ","5016":"}","5017":";","5018":"\\","5019":"n","5020":"\\","5021":"n","5022":" ","5023":" ","5024":" ","5025":" ","5026":"r","5027":"e","5028":"t","5029":"u","5030":"r","5031":"n","5032":" ","5033":"{","5034":"\\","5035":"n","5036":" ","5037":" ","5038":" ","5039":" ","5040":" ","5041":" ","5042":"s","5043":"e","5044":"l","5045":"e","5046":"c","5047":"t","5048":"e","5049":"d","5050":"T","5051":"a","5052":"b","5053":",","5054":"\\","5055":"n","5056":" ","5057":" ","5058":" ","5059":" ","5060":" ","5061":" ","5062":"d","5063":"e","5064":"s","5065":"c","5066":"r","5067":"i","5068":"p","5069":"t","5070":"i","5071":"o","5072":"n","5073":",","5074":"\\","5075":"n","5076":" ","5077":" ","5078":" ","5079":" ","5080":" ","5081":" ","5082":"s","5083":"e","5084":"l","5085":"e","5086":"c","5087":"t","5088":"T","5089":"a","5090":"b","5091":",","5092":"\\","5093":"n","5094":" ","5095":" ","5096":" ","5097":" ","5098":" ","5099":" ","5100":"c","5101":"l","5102":"e","5103":"a","5104":"r","5105":"S","5106":"e","5107":"l","5108":"e","5109":"c","5110":"t","5111":"i","5112":"o","5113":"n","5114":",","5115":"\\","5116":"n","5117":" ","5118":" ","5119":" ","5120":" ","5121":"}","5122":";","5123":"\\","5124":"n","5125":" ","5126":" ","5127":"}","5128":",","5129":"\\","5130":"n","5131":"}","5132":";","5133":"\\","5134":"n","5135":"<","5136":"/","5137":"s","5138":"c","5139":"r","5140":"i","5141":"p","5142":"t","5143":">","5144":"\\","5145":"n","5146":"\\","5147":"n","5148":"<","5149":"s","5150":"t","5151":"y","5152":"l","5153":"e","5154":" ","5155":"s","5156":"c","5157":"o","5158":"p","5159":"e","5160":"d","5161":">","5162":"\\","5163":"n","5164":"#","5165":"m","5166":"e","5167":"n","5168":"u","5169":" ","5170":"b","5171":"u","5172":"t","5173":"t","5174":"o","5175":"n","5176":",","5177":"\\","5178":"n","5179":"#","5180":"s","5181":"u","5182":"b","5183":"m","5184":"e","5185":"n","5186":"u","5187":" ","5188":"b","5189":"u","5190":"t","5191":"t","5192":"o","5193":"n","5194":" ","5195":"{","5196":"\\","5197":"n","5198":" ","5199":" ","5200":"m","5201":"a","5202":"r","5203":"g","5204":"i","5205":"n","5206":"-","5207":"r","5208":"i","5209":"g","5210":"h","5211":"t","5212":":","5213":" ","5214":"1","5215":"0","5216":"p","5217":"x","5218":";","5219":"\\","5220":"n","5221":"}","5222":"\\","5223":"n","5224":"\\","5225":"n","5226":"#","5227":"d","5228":"e","5229":"s","5230":"c","5231":"r","5232":"i","5233":"p","5234":"t","5235":"i","5236":"o","5237":"n","5238":" ","5239":"{","5240":"\\","5241":"n","5242":" ","5243":" ","5244":"m","5245":"a","5246":"r","5247":"g","5248":"i","5249":"n","5250":"-","5251":"t","5252":"o","5253":"p","5254":":","5255":" ","5256":"2","5257":"0","5258":"p","5259":"x","5260":";","5261":"\\","5262":"n","5263":" ","5264":" ","5265":"p","5266":"a","5267":"d","5268":"d","5269":"i","5270":"n","5271":"g","5272":":","5273":" ","5274":"1","5275":"0","5276":"p","5277":"x","5278":";","5279":"\\","5280":"n","5281":" ","5282":" ","5283":"b","5284":"o","5285":"r","5286":"d","5287":"e","5288":"r","5289":":","5290":" ","5291":"1","5292":"p","5293":"x","5294":" ","5295":"s","5296":"o","5297":"l","5298":"i","5299":"d","5300":" ","5301":"#","5302":"d","5303":"d","5304":"d","5305":";","5306":"\\","5307":"n","5308":" ","5309":" ","5310":"w","5311":"i","5312":"d","5313":"t","5314":"h","5315":":","5316":" ","5317":"2","5318":"0","5319":"0","5320":"p","5321":"x","5322":";","5323":"\\","5324":"n","5325":"}","5326":"\\","5327":"n","5328":".","5329":"v","5330":"l","5331":" ","5332":"{","5333":"\\","5334":"n","5335":" ","5336":" ","5337":"b","5338":"o","5339":"r","5340":"d","5341":"e","5342":"r","5343":"-","5344":"l","5345":"e","5346":"f","5347":"t","5348":":","5349":" ","5350":"1","5351":"p","5352":"x","5353":" ","5354":"s","5355":"o","5356":"l","5357":"i","5358":"d","5359":";","5360":"\\","5361":"n","5362":" ","5363":" ","5364":"h","5365":"e","5366":"i","5367":"g","5368":"h","5369":"t","5370":":","5371":" ","5372":"5","5373":"0","5374":"p","5375":"x","5376":";","5377":"\\","5378":"n","5379":"}","5380":"\\","5381":"n","5382":".","5383":"v","5384":"l","5385":"-","5386":"1","5387":" ","5388":"{","5389":"\\","5390":"n","5391":" ","5392":" ","5393":"b","5394":"o","5395":"r","5396":"d","5397":"e","5398":"r","5399":"-","5400":"l","5401":"e","5402":"f","5403":"t","5404":":","5405":" ","5406":"1","5407":"p","5408":"x","5409":" ","5410":"s","5411":"o","5412":"l","5413":"i","5414":"d","5415":";","5416":"\\","5417":"n","5418":" ","5419":" ","5420":"h","5421":"e","5422":"i","5423":"g","5424":"h","5425":"t","5426":":","5427":" ","5428":"5","5429":"0","5430":"p","5431":"x","5432":";","5433":"\\","5434":"n","5435":" ","5436":" ","5437":"m","5438":"a","5439":"r","5440":"g","5441":"i","5442":"n","5443":"-","5444":"l","5445":"e","5446":"f","5447":"t","5448":":","5449":" ","5450":"2","5451":"5","5452":"p","5453":"x","5454":";","5455":"\\","5456":"n","5457":"}","5458":"\\","5459":"n","5460":".","5461":"v","5462":"l","5463":"-","5464":"2","5465":" ","5466":"{","5467":"\\","5468":"n","5469":" ","5470":" ","5471":"b","5472":"o","5473":"r","5474":"d","5475":"e","5476":"r","5477":"-","5478":"l","5479":"e","5480":"f","5481":"t","5482":":","5483":" ","5484":"1","5485":"p","5486":"x","5487":" ","5488":"s","5489":"o","5490":"l","5491":"i","5492":"d","5493":";","5494":"\\","5495":"n","5496":" ","5497":" ","5498":"h","5499":"e","5500":"i","5501":"g","5502":"h","5503":"t","5504":":","5505":" ","5506":"5","5507":"0","5508":"p","5509":"x","5510":";","5511":"\\","5512":"n","5513":" ","5514":" ","5515":"m","5516":"a","5517":"r","5518":"g","5519":"i","5520":"n","5521":"-","5522":"l","5523":"e","5524":"f","5525":"t","5526":":","5527":" ","5528":"9","5529":"7","5530":"p","5531":"x","5532":";","5533":"\\","5534":"n","5535":"}","5536":"\\","5537":"n","5538":".","5539":"v","5540":"l","5541":"-","5542":"3","5543":" ","5544":"{","5545":"\\","5546":"n","5547":" ","5548":" ","5549":"b","5550":"o","5551":"r","5552":"d","5553":"e","5554":"r","5555":"-","5556":"l","5557":"e","5558":"f","5559":"t","5560":":","5561":" ","5562":"1","5563":"p","5564":"x","5565":" ","5566":"s","5567":"o","5568":"l","5569":"i","5570":"d","5571":";","5572":"\\","5573":"n","5574":" ","5575":" ","5576":"h","5577":"e","5578":"i","5579":"g","5580":"h","5581":"t","5582":":","5583":" ","5584":"5","5585":"0","5586":"p","5587":"x","5588":";","5589":"\\","5590":"n","5591":" ","5592":" ","5593":"m","5594":"a","5595":"r","5596":"g","5597":"i","5598":"n","5599":"-","5600":"l","5601":"e","5602":"f","5603":"t","5604":":","5605":" ","5606":"9","5607":"3","5608":"p","5609":"x","5610":";","5611":"\\","5612":"n","5613":"}","5614":"\\","5615":"n","5616":".","5617":"v","5618":"l","5619":"-","5620":"4","5621":" ","5622":"{","5623":"\\","5624":"n","5625":" ","5626":" ","5627":"b","5628":"o","5629":"r","5630":"d","5631":"e","5632":"r","5633":"-","5634":"l","5635":"e","5636":"f","5637":"t","5638":":","5639":" ","5640":"1","5641":"p","5642":"x","5643":" ","5644":"s","5645":"o","5646":"l","5647":"i","5648":"d","5649":";","5650":"\\","5651":"n","5652":" ","5653":" ","5654":"h","5655":"e","5656":"i","5657":"g","5658":"h","5659":"t","5660":":","5661":" ","5662":"5","5663":"0","5664":"p","5665":"x","5666":";","5667":"\\","5668":"n","5669":"}","5670":"\\","5671":"n","5672":".","5673":"v","5674":"l","5675":"-","5676":"5","5677":" ","5678":"{","5679":"\\","5680":"n","5681":" ","5682":" ","5683":"b","5684":"o","5685":"r","5686":"d","5687":"e","5688":"r","5689":"-","5690":"l","5691":"e","5692":"f","5693":"t","5694":":","5695":" ","5696":"1","5697":"p","5698":"x","5699":" ","5700":"s","5701":"o","5702":"l","5703":"i","5704":"d","5705":";","5706":"\\","5707":"n","5708":" ","5709":" ","5710":"h","5711":"e","5712":"i","5713":"g","5714":"h","5715":"t","5716":":","5717":" ","5718":"5","5719":"0","5720":"p","5721":"x","5722":";","5723":"\\","5724":"n","5725":" ","5726":" ","5727":"m","5728":"a","5729":"r","5730":"g","5731":"i","5732":"n","5733":"-","5734":"l","5735":"e","5736":"f","5737":"t","5738":":","5739":" ","5740":"2","5741":"5","5742":"p","5743":"x","5744":";","5745":"\\","5746":"n","5747":"}","5748":"\\","5749":"n","5750":".","5751":"v","5752":"l","5753":"-","5754":"6","5755":" ","5756":"{","5757":"\\","5758":"n","5759":" ","5760":" ","5761":"b","5762":"o","5763":"r","5764":"d","5765":"e","5766":"r","5767":"-","5768":"l","5769":"e","5770":"f","5771":"t","5772":":","5773":" ","5774":"1","5775":"p","5776":"x","5777":" ","5778":"s","5779":"o","5780":"l","5781":"i","5782":"d","5783":";","5784":"\\","5785":"n","5786":" ","5787":" ","5788":"h","5789":"e","5790":"i","5791":"g","5792":"h","5793":"t","5794":":","5795":" ","5796":"5","5797":"0","5798":"p","5799":"x","5800":";","5801":"\\","5802":"n","5803":" ","5804":" ","5805":"m","5806":"a","5807":"r","5808":"g","5809":"i","5810":"n","5811":"-","5812":"l","5813":"e","5814":"f","5815":"t","5816":":","5817":" ","5818":"9","5819":"7","5820":"p","5821":"x","5822":";","5823":"\\","5824":"n","5825":"}","5826":"\\","5827":"n","5828":".","5829":"v","5830":"l","5831":"-","5832":"7","5833":" ","5834":"{","5835":"\\","5836":"n","5837":" ","5838":" ","5839":"b","5840":"o","5841":"r","5842":"d","5843":"e","5844":"r","5845":"-","5846":"l","5847":"e","5848":"f","5849":"t","5850":":","5851":" ","5852":"1","5853":"p","5854":"x","5855":" ","5856":"s","5857":"o","5858":"l","5859":"i","5860":"d","5861":";","5862":"\\","5863":"n","5864":" ","5865":" ","5866":"h","5867":"e","5868":"i","5869":"g","5870":"h","5871":"t","5872":":","5873":" ","5874":"5","5875":"0","5876":"p","5877":"x","5878":";","5879":"\\","5880":"n","5881":" ","5882":" ","5883":"m","5884":"a","5885":"r","5886":"g","5887":"i","5888":"n","5889":"-","5890":"l","5891":"e","5892":"f","5893":"t","5894":":","5895":" ","5896":"9","5897":"3","5898":"p","5899":"x","5900":";","5901":"\\","5902":"n","5903":"}","5904":"\\","5905":"n","5906":".","5907":"c","5908":"o","5909":"n","5910":"t","5911":"a","5912":"i","5913":"n","5914":"e","5915":"r","5916":" ","5917":"{","5918":"\\","5919":"n","5920":" ","5921":" ","5922":"d","5923":"i","5924":"s","5925":"p","5926":"l","5927":"a","5928":"y","5929":":","5930":" ","5931":"f","5932":"l","5933":"e","5934":"x","5935":";","5936":"\\","5937":"n","5938":"}","5939":"\\","5940":"n","5941":"<","5942":"/","5943":"s","5944":"t","5945":"y","5946":"l","5947":"e","5948":">","5949":"\\","5950":"n","5951":"\"","5952":"]","5953":"}"},"_coverageSchema":"1a1c01bbd47fc00a2c39e90264f33305004495a9","hash":"b8e09a7cb3d361bd742689dd563c3f96fe56c2e6"}
}
