TN:
SF:src\components\SmallGraphData.vue
FN:115,render
FN:123,(anonymous_1)
FN:153,(anonymous_2)
FN:161,(anonymous_3)
FN:169,(anonymous_4)
FN:176,(anonymous_5)
FN:184,(anonymous_6)
FN:192,(anonymous_7)
FN:195,(anonymous_8)
FNF:9
FNH:9
FNDA:19,render
FNDA:2,(anonymous_1)
FNDA:1,(anonymous_2)
FNDA:1,(anonymous_3)
FNDA:1,(anonymous_4)
FNDA:1,(anonymous_5)
FNDA:1,(anonymous_6)
FNDA:1,(anonymous_7)
FNDA:1,(anonymous_8)
DA:4,1
DA:7,1
DA:93,1
DA:95,1
DA:98,1
DA:99,1
DA:100,1
DA:103,1
DA:107,1
DA:111,1
DA:116,19
DA:123,2
DA:153,1
DA:161,1
DA:169,1
DA:176,1
DA:184,1
DA:192,1
DA:195,1
DA:197,1
LF:20
LH:20
BRDA:123,0,0,19
BRDA:123,0,1,10
BRDA:124,1,0,19
BRDA:124,1,1,10
BRDA:129,2,0,19
BRDA:129,2,1,10
BRDA:136,3,0,19
BRDA:136,3,1,10
BRDA:153,4,0,19
BRDA:153,4,1,10
BRDA:161,5,0,19
BRDA:161,5,1,10
BRDA:169,6,0,19
BRDA:169,6,1,10
BRDA:170,7,0,19
BRDA:170,7,1,10
BRDA:176,8,0,19
BRDA:176,8,1,10
BRDA:184,9,0,19
BRDA:184,9,1,10
BRDA:192,10,0,19
BRDA:192,10,1,10
BRDA:193,11,0,8
BRDA:193,11,1,11
BRDA:195,12,0,8
BRDA:195,12,1,8
BRDA:195,13,0,1
BRDA:195,13,1,1
BRF:28
BRH:28
end_of_record
